login-account.vue:23 account login.... true
login.ts:46 accountLoginAction {name: 'admin', password: 'admin'}
index.ts:12 cmRequest token undefined
index.ts:24 public interceptor request success.
index.ts:42 public interceptor response success.
index.ts:98 request2 {code: 200, data: {…}}
login.ts:49 loginResult {code: 200, data: {…}}
login.ts:52 request 1 {code: 200, data: {…}}
index.ts:12 cmRequest token eyJhbGciOiJSUzI1NiIsInR5cCI6IkpXVCJ9.eyJpZCI6MywibmFtZSI6ImFkbWluIiwiaWF0IjoxNzc1ODAxOTc1LCJleHAiOjE3NzgzOTM5NzV9.SVsUBdcESNqJ314qSlXzeTBwd6nY_1aUwBMiQrmI6V17LGtbKCyiv8p12Kqy4vBKlCulMOGg_8GnLK1LScMQvOwDGzoSmsNvKk8s2bfxSz8JJL2TctRlIEWcPLj8DGICjPvYYd6Zbj-BFwU8a8fuaz14DqNJX3b4gnZi-5HhJeY
index.ts:24 public interceptor request success.
index.ts:91 XHR 已完成加载:POST "http://localhost:8080/api/login"。
dispatchXhrRequest @ xhr.js:220
xhr @ xhr.js:16
dispatchRequest @ dispatchRequest.js:48
Promise.then
_request @ Axios.js:180
request @ Axios.js:41
wrap @ bind.js:12
eval @ index.ts:91
request2 @ index.ts:81
post @ index.ts:117
accountLoginRequest @ login.ts:11
accountLoginAction @ login.ts:48
wrappedActionHandler @ vuex.esm-browser.js:322
dispatch @ vuex.esm-browser.js:1054
boundDispatch @ vuex.esm-browser.js:937
eval @ login-account.vue:34
eval @ form.mjs:154
eval @ form-item.mjs:151
complete @ index.js:1089
eval @ index.js:1282
next @ index.js:300
next @ index.js:241
cb @ index.js:1190
pattern @ index.js:845
eval @ index.js:1250
next @ index.js:239
cb @ index.js:1190
required @ index.js:884
eval @ index.js:1250
next @ index.js:239
asyncSerialArray @ index.js:245
eval @ index.js:314
eval @ index.js:310
asyncMap @ index.js:294
validate @ index.js:1153
validate @ form-item.mjs:147
validate @ form.mjs:147
loginAction @ login-account.vue:22
handleLoginClick @ login-panel.vue:25
callWithErrorHandling @ runtime-core.esm-bundler.js:199
callWithAsyncErrorHandling @ runtime-core.esm-bundler.js:206
emit @ runtime-core.esm-bundler.js:4433
eval @ runtime-core.esm-bundler.js:8285
handleClick @ button2.mjs:89
Object.onClick._cache.<computed>._cache.<computed> @ button2.mjs:122
callWithErrorHandling @ runtime-core.esm-bundler.js:199
callWithAsyncErrorHandling @ runtime-core.esm-bundler.js:206
invoker @ runtime-dom.esm-bundler.js:730
index.ts:42 public interceptor response success.
index.ts:98 request2 {code: 200, data: {…}}
login.ts:57 request 2 {code: 200, data: {…}}
index.ts:12 cmRequest token eyJhbGciOiJSUzI1NiIsInR5cCI6IkpXVCJ9.eyJpZCI6MywibmFtZSI6ImFkbWluIiwiaWF0IjoxNzc1ODAxOTc1LCJleHAiOjE3NzgzOTM5NzV9.SVsUBdcESNqJ314qSlXzeTBwd6nY_1aUwBMiQrmI6V17LGtbKCyiv8p12Kqy4vBKlCulMOGg_8GnLK1LScMQvOwDGzoSmsNvKk8s2bfxSz8JJL2TctRlIEWcPLj8DGICjPvYYd6Zbj-BFwU8a8fuaz14DqNJX3b4gnZi-5HhJeY
index.ts:24 public interceptor request success.
index.ts:91 XHR 已完成加载:GET "http://localhost:8080/api/users/3"。
dispatchXhrRequest @ xhr.js:220
xhr @ xhr.js:16
dispatchRequest @ dispatchRequest.js:48
Promise.then
_request @ Axios.js:180
request @ Axios.js:41
wrap @ bind.js:12
eval @ index.ts:91
request2 @ index.ts:81
get @ index.ts:113
reqUserInfoById @ login.ts:18
accountLoginAction @ login.ts:56
await in accountLoginAction
wrappedActionHandler @ vuex.esm-browser.js:322
dispatch @ vuex.esm-browser.js:1054
boundDispatch @ vuex.esm-browser.js:937
eval @ login-account.vue:34
eval @ form.mjs:154
eval @ form-item.mjs:151
complete @ index.js:1089
eval @ index.js:1282
next @ index.js:300
next @ index.js:241
cb @ index.js:1190
pattern @ index.js:845
eval @ index.js:1250
next @ index.js:239
cb @ index.js:1190
required @ index.js:884
eval @ index.js:1250
next @ index.js:239
asyncSerialArray @ index.js:245
eval @ index.js:314
eval @ index.js:310
asyncMap @ index.js:294
validate @ index.js:1153
validate @ form-item.mjs:147
validate @ form.mjs:147
loginAction @ login-account.vue:22
handleLoginClick @ login-panel.vue:25
callWithErrorHandling @ runtime-core.esm-bundler.js:199
callWithAsyncErrorHandling @ runtime-core.esm-bundler.js:206
emit @ runtime-core.esm-bundler.js:4433
eval @ runtime-core.esm-bundler.js:8285
handleClick @ button2.mjs:89
Object.onClick._cache.<computed>._cache.<computed> @ button2.mjs:122
callWithErrorHandling @ runtime-core.esm-bundler.js:199
callWithAsyncErrorHandling @ runtime-core.esm-bundler.js:206
invoker @ runtime-dom.esm-bundler.js:730
index.ts:42 public interceptor response success.
index.ts:98 request2 {code: 200, data: Array(4)}
login.ts:64 request 3 {code: 200, data: Array(4)}
map-menus.ts:13 mapMenusToRoutes key: ./analysis/dashboard/dashboard.ts
map-menus.ts:15 mapMenusToRoutes route: Module {default: {…}, __esModule: true, Symbol(Symbol.toStringTag): 'Module'}
map-menus.ts:13 mapMenusToRoutes key: ./analysis/overview/overview.ts
map-menus.ts:15 mapMenusToRoutes route: Module {default: {…}, __esModule: true, Symbol(Symbol.toStringTag): 'Module'}
map-menus.ts:13 mapMenusToRoutes key: ./moment/list/list.ts
map-menus.ts:15 mapMenusToRoutes route: Module {default: {…}, __esModule: true, Symbol(Symbol.toStringTag): 'Module'}
map-menus.ts:13 mapMenusToRoutes key: ./moment/main/main.ts
map-menus.ts:15 mapMenusToRoutes route: Module {default: {…}, __esModule: true, Symbol(Symbol.toStringTag): 'Module'}
map-menus.ts:13 mapMenusToRoutes key: ./product/category/category.ts
map-menus.ts:15 mapMenusToRoutes route: Module {default: {…}, __esModule: true, Symbol(Symbol.toStringTag): 'Module'}
map-menus.ts:13 mapMenusToRoutes key: ./product/goods/goods.ts
map-menus.ts:15 mapMenusToRoutes route: Module {default: {…}, __esModule: true, Symbol(Symbol.toStringTag): 'Module'}
map-menus.ts:13 mapMenusToRoutes key: ./story/chat/chat.ts
map-menus.ts:15 mapMenusToRoutes route: Module {default: {…}, __esModule: true, Symbol(Symbol.toStringTag): 'Module'}
map-menus.ts:13 mapMenusToRoutes key: ./story/list/list.ts
map-menus.ts:15 mapMenusToRoutes route: Module {default: {…}, __esModule: true, Symbol(Symbol.toStringTag): 'Module'}
map-menus.ts:13 mapMenusToRoutes key: ./system/department/department.ts
map-menus.ts:15 mapMenusToRoutes route: Module {default: {…}, __esModule: true, Symbol(Symbol.toStringTag): 'Module'}
map-menus.ts:13 mapMenusToRoutes key: ./system/menu/menu.ts
map-menus.ts:15 mapMenusToRoutes route: Module {default: {…}, __esModule: true, Symbol(Symbol.toStringTag): 'Module'}
map-menus.ts:13 mapMenusToRoutes key: ./system/role/role.ts
map-menus.ts:15 mapMenusToRoutes route: Module {default: {…}, __esModule: true, Symbol(Symbol.toStringTag): 'Module'}
map-menus.ts:13 mapMenusToRoutes key: ./system/user/user.ts
map-menus.ts:15 mapMenusToRoutes route: Module {default: {…}, __esModule: true, Symbol(Symbol.toStringTag): 'Module'}
login.ts:37 routes: (10) [{…}, {…}, {…}, {…}, {…}, {…}, {…}, {…}, {…}, {…}]
index.ts:42 beforeEach,to: {fullPath: '/main', path: '/main', query: {…}, hash: '', name: 'main', …}
map-menus.ts:13 mapMenusToRoutes key: ./analysis/dashboard/dashboard.ts
map-menus.ts:15 mapMenusToRoutes route: Module {default: {…}, __esModule: true, Symbol(Symbol.toStringTag): 'Module'}
map-menus.ts:13 mapMenusToRoutes key: ./analysis/overview/overview.ts
map-menus.ts:15 mapMenusToRoutes route: Module {default: {…}, __esModule: true, Symbol(Symbol.toStringTag): 'Module'}
map-menus.ts:13 mapMenusToRoutes key: ./moment/list/list.ts
map-menus.ts:15 mapMenusToRoutes route: Module {default: {…}, __esModule: true, Symbol(Symbol.toStringTag): 'Module'}
map-menus.ts:13 mapMenusToRoutes key: ./moment/main/main.ts
map-menus.ts:15 mapMenusToRoutes route: Module {default: {…}, __esModule: true, Symbol(Symbol.toStringTag): 'Module'}
map-menus.ts:13 mapMenusToRoutes key: ./product/category/category.ts
map-menus.ts:15 mapMenusToRoutes route: Module {default: {…}, __esModule: true, Symbol(Symbol.toStringTag): 'Module'}
map-menus.ts:13 mapMenusToRoutes key: ./product/goods/goods.ts
map-menus.ts:15 mapMenusToRoutes route: Module {default: {…}, __esModule: true, Symbol(Symbol.toStringTag): 'Module'}
map-menus.ts:13 mapMenusToRoutes key: ./story/chat/chat.ts
map-menus.ts:15 mapMenusToRoutes route: Module {default: {…}, __esModule: true, Symbol(Symbol.toStringTag): 'Module'}
map-menus.ts:13 mapMenusToRoutes key: ./story/list/list.ts
map-menus.ts:15 mapMenusToRoutes route: Module {default: {…}, __esModule: true, Symbol(Symbol.toStringTag): 'Module'}
map-menus.ts:13 mapMenusToRoutes key: ./system/department/department.ts
map-menus.ts:15 mapMenusToRoutes route: Module {default: {…}, __esModule: true, Symbol(Symbol.toStringTag): 'Module'}
map-menus.ts:13 mapMenusToRoutes key: ./system/menu/menu.ts
map-menus.ts:15 mapMenusToRoutes route: Module {default: {…}, __esModule: true, Symbol(Symbol.toStringTag): 'Module'}
map-menus.ts:13 mapMenusToRoutes key: ./system/role/role.ts
map-menus.ts:15 mapMenusToRoutes route: Module {default: {…}, __esModule: true, Symbol(Symbol.toStringTag): 'Module'}
map-menus.ts:13 mapMenusToRoutes key: ./system/user/user.ts
map-menus.ts:15 mapMenusToRoutes route: Module {default: {…}, __esModule: true, Symbol(Symbol.toStringTag): 'Module'}
index.ts:53 当前已注册的路由: (14) [{…}, {…}, {…}, {…}, {…}, {…}, {…}, {…}, {…}, {…}, {…}, {…}, {…}, {…}]
index.ts:57 需要注册的动态路由: (10) [{…}, {…}, {…}, {…}, {…}, {…}, {…}, {…}, {…}, {…}]
index.ts:74 添加路由后的路由列表: (14) [{…}, {…}, {…}, {…}, {…}, {…}, {…}, {…}, {…}, {…}, {…}, {…}, {…}, {…}]
index.ts:95 继续导航到: /main
nav-header.vue:25 header userMenus: Proxy(Array) {0: {…}, 1: {…}, 2: {…}, 3: {…}}
nav-header.vue:27 route is what: Proxy(Object) {path: ComputedRefImpl, name: ComputedRefImpl, params: ComputedRefImpl, query: ComputedRefImpl, hash: ComputedRefImpl, …}
nav-menu.vue:24 userMenus Proxy(Array) {0: {…}, 1: {…}, 2: {…}, 3: {…}}
index.ts:91 XHR 已完成加载:GET "http://localhost:8080/api/role/1/menu"。
dispatchXhrRequest @ xhr.js:220
xhr @ xhr.js:16
dispatchRequest @ dispatchRequest.js:48
Promise.then
_request @ Axios.js:180
request @ Axios.js:41
wrap @ bind.js:12
eval @ index.ts:91
request2 @ index.ts:81
get @ index.ts:113
requestUserMenusByRoleId @ login.ts:25
accountLoginAction @ login.ts:63
await in accountLoginAction
wrappedActionHandler @ vuex.esm-browser.js:322
dispatch @ vuex.esm-browser.js:1054
boundDispatch @ vuex.esm-browser.js:937
eval @ login-account.vue:34
eval @ form.mjs:154
eval @ form-item.mjs:151
complete @ index.js:1089
eval @ index.js:1282
next @ index.js:300
next @ index.js:241
cb @ index.js:1190
pattern @ index.js:845
eval @ index.js:1250
next @ index.js:239
cb @ index.js:1190
required @ index.js:884
eval @ index.js:1250
next @ index.js:239
asyncSerialArray @ index.js:245
eval @ index.js:314
eval @ index.js:310
asyncMap @ index.js:294
validate @ index.js:1153
validate @ form-item.mjs:147
validate @ form.mjs:147
loginAction @ login-account.vue:22
handleLoginClick @ login-panel.vue:25
callWithErrorHandling @ runtime-core.esm-bundler.js:199
callWithAsyncErrorHandling @ runtime-core.esm-bundler.js:206
emit @ runtime-core.esm-bundler.js:4433
eval @ runtime-core.esm-bundler.js:8285
handleClick @ button2.mjs:89
Object.onClick._cache.<computed>._cache.<computed> @ button2.mjs:122
callWithErrorHandling @ runtime-core.esm-bundler.js:199
callWithAsyncErrorHandling @ runtime-core.esm-bundler.js:206
invoker @ runtime-dom.esm-bundler.js:730
nav-menu.vue:29 handleMenuItemClick /main/analysis/overview
index.ts:42 beforeEach,to: {fullPath: '/main/analysis/overview', hash: '', query: {…}, name: 'overview', path: '/main/analysis/overview', …}
map-menus.ts:13 mapMenusToRoutes key: ./analysis/dashboard/dashboard.ts
map-menus.ts:15 mapMenusToRoutes route: Module {default: {…}, __esModule: true, Symbol(Symbol.toStringTag): 'Module'}
map-menus.ts:13 mapMenusToRoutes key: ./analysis/overview/overview.ts
map-menus.ts:15 mapMenusToRoutes route: Module {default: {…}, __esModule: true, Symbol(Symbol.toStringTag): 'Module'}
map-menus.ts:13 mapMenusToRoutes key: ./moment/list/list.ts
map-menus.ts:15 mapMenusToRoutes route: Module {default: {…}, __esModule: true, Symbol(Symbol.toStringTag): 'Module'}
map-menus.ts:13 mapMenusToRoutes key: ./moment/main/main.ts
map-menus.ts:15 mapMenusToRoutes route: Module {default: {…}, __esModule: true, Symbol(Symbol.toStringTag): 'Module'}
map-menus.ts:13 mapMenusToRoutes key: ./product/category/category.ts
map-menus.ts:15 mapMenusToRoutes route: Module {default: {…}, __esModule: true, Symbol(Symbol.toStringTag): 'Module'}
map-menus.ts:13 mapMenusToRoutes key: ./product/goods/goods.ts
map-menus.ts:15 mapMenusToRoutes route: Module {default: {…}, __esModule: true, Symbol(Symbol.toStringTag): 'Module'}
map-menus.ts:13 mapMenusToRoutes key: ./story/chat/chat.ts
map-menus.ts:15 mapMenusToRoutes route: Module {default: {…}, __esModule: true, Symbol(Symbol.toStringTag): 'Module'}
map-menus.ts:13 mapMenusToRoutes key: ./story/list/list.ts
map-menus.ts:15 mapMenusToRoutes route: Module {default: {…}, __esModule: true, Symbol(Symbol.toStringTag): 'Module'}
map-menus.ts:13 mapMenusToRoutes key: ./system/department/department.ts
map-menus.ts:15 mapMenusToRoutes route: Module {default: {…}, __esModule: true, Symbol(Symbol.toStringTag): 'Module'}
map-menus.ts:13 mapMenusToRoutes key: ./system/menu/menu.ts
map-menus.ts:15 mapMenusToRoutes route: Module {default: {…}, __esModule: true, Symbol(Symbol.toStringTag): 'Module'}
map-menus.ts:13 mapMenusToRoutes key: ./system/role/role.ts
map-menus.ts:15 mapMenusToRoutes route: Module {default: {…}, __esModule: true, Symbol(Symbol.toStringTag): 'Module'}
map-menus.ts:13 mapMenusToRoutes key: ./system/user/user.ts
map-menus.ts:15 mapMenusToRoutes route: Module {default: {…}, __esModule: true, Symbol(Symbol.toStringTag): 'Module'}
index.ts:53 当前已注册的路由: (14) [{…}, {…}, {…}, {…}, {…}, {…}, {…}, {…}, {…}, {…}, {…}, {…}, {…}, {…}]
index.ts:57 需要注册的动态路由: (10) [{…}, {…}, {…}, {…}, {…}, {…}, {…}, {…}, {…}, {…}]
index.ts:74 添加路由后的路由列表: (14) [{…}, {…}, {…}, {…}, {…}, {…}, {…}, {…}, {…}, {…}, {…}, {…}, {…}, {…}]
index.ts:95 继续导航到: /main/analysis/overview
nav-header.vue:25 header userMenus: Proxy(Array) {0: {…}, 1: {…}, 2: {…}, 3: {…}}
nav-header.vue:26 [Vue warn]: inject() can only be used inside setup() or functional components.
warn$1 @ runtime-core.esm-bundler.js:51
inject @ runtime-core.esm-bundler.js:798
useRoute @ vue-router.esm-bundler.js:3400
eval @ nav-header.vue:26
refreshComputed @ reactivity.esm-bundler.js:393
isDirty @ reactivity.esm-bundler.js:364
runIfDirty @ reactivity.esm-bundler.js:276
callWithErrorHandling @ runtime-core.esm-bundler.js:199
flushJobs @ runtime-core.esm-bundler.js:408
Promise.then
queueFlush @ runtime-core.esm-bundler.js:322
queueJob @ runtime-core.esm-bundler.js:317
effect.scheduler @ runtime-core.esm-bundler.js:6228
trigger @ reactivity.esm-bundler.js:267
endBatch @ reactivity.esm-bundler.js:325
notify @ reactivity.esm-bundler.js:616
trigger @ reactivity.esm-bundler.js:590
set value @ reactivity.esm-bundler.js:1521
finalizeNavigation @ vue-router.esm-bundler.js:3140
eval @ vue-router.esm-bundler.js:3013
Promise.then
pushWithRedirect @ vue-router.esm-bundler.js:2984
push @ vue-router.esm-bundler.js:2915
handleMenuItemClick @ nav-menu.vue:30
onClick @ nav-menu.vue:66
callWithErrorHandling @ runtime-core.esm-bundler.js:199
callWithAsyncErrorHandling @ runtime-core.esm-bundler.js:206
emit @ runtime-core.esm-bundler.js:4433
eval @ runtime-core.esm-bundler.js:8285
handleClick @ menu-item2.mjs:40
Object.onClick._cache.<computed>._cache.<computed> @ menu-item2.mjs:81
callWithErrorHandling @ runtime-core.esm-bundler.js:199
callWithAsyncErrorHandling @ runtime-core.esm-bundler.js:206
invoker @ runtime-dom.esm-bundler.js:730
nav-header.vue:27 route is what: undefined
nav-menu.vue:30 [Vue warn]: Unhandled error during execution of component update 
  at <NavHeader onFoldChange=fn<handleFoldChange> > 
  at <ElHeader class="page-header" > 
  at <ElContainer class="page" > 
  at <ElContainer class="main-content" > 
  at <Main onVnodeUnmounted=fn<onVnodeUnmounted> ref=Ref< Proxy(Object) {…} > > 
  at <RouterView> 
  at <App>
warn$1 @ runtime-core.esm-bundler.js:51
logError @ runtime-core.esm-bundler.js:263
handleError @ runtime-core.esm-bundler.js:255
callWithErrorHandling @ runtime-core.esm-bundler.js:201
flushJobs @ runtime-core.esm-bundler.js:408
Promise.then
queueFlush @ runtime-core.esm-bundler.js:322
queueJob @ runtime-core.esm-bundler.js:317
effect.scheduler @ runtime-core.esm-bundler.js:6228
trigger @ reactivity.esm-bundler.js:267
endBatch @ reactivity.esm-bundler.js:325
notify @ reactivity.esm-bundler.js:616
trigger @ reactivity.esm-bundler.js:590
set value @ reactivity.esm-bundler.js:1521
finalizeNavigation @ vue-router.esm-bundler.js:3140
eval @ vue-router.esm-bundler.js:3013
Promise.then
pushWithRedirect @ vue-router.esm-bundler.js:2984
push @ vue-router.esm-bundler.js:2915
handleMenuItemClick @ nav-menu.vue:30
onClick @ nav-menu.vue:66
callWithErrorHandling @ runtime-core.esm-bundler.js:199
callWithAsyncErrorHandling @ runtime-core.esm-bundler.js:206
emit @ runtime-core.esm-bundler.js:4433
eval @ runtime-core.esm-bundler.js:8285
handleClick @ menu-item2.mjs:40
Object.onClick._cache.<computed>._cache.<computed> @ menu-item2.mjs:81
callWithErrorHandling @ runtime-core.esm-bundler.js:199
callWithAsyncErrorHandling @ runtime-core.esm-bundler.js:206
invoker @ runtime-dom.esm-bundler.js:730
nav-header.vue:28 Uncaught (in promise) TypeError: Cannot read properties of undefined (reading 'path')
    at ComputedRefImpl.eval [as fn] (nav-header.vue:28:1)
    at refreshComputed (reactivity.esm-bundler.js:393:1)
    at isDirty (reactivity.esm-bundler.js:364:1)
    at ReactiveEffect.runIfDirty (reactivity.esm-bundler.js:276:1)
    at callWithErrorHandling (runtime-core.esm-bundler.js:199:1)
    at flushJobs (runtime-core.esm-bundler.js:408:1)
eval @ nav-header.vue:28
refreshComputed @ reactivity.esm-bundler.js:393
isDirty @ reactivity.esm-bundler.js:364
runIfDirty @ reactivity.esm-bundler.js:276
callWithErrorHandling @ runtime-core.esm-bundler.js:199
flushJobs @ runtime-core.esm-bundler.js:408
Promise.then
queueFlush @ runtime-core.esm-bundler.js:322
queueJob @ runtime-core.esm-bundler.js:317
effect.scheduler @ runtime-core.esm-bundler.js:6228
trigger @ reactivity.esm-bundler.js:267
endBatch @ reactivity.esm-bundler.js:325
notify @ reactivity.esm-bundler.js:616
trigger @ reactivity.esm-bundler.js:590
set value @ reactivity.esm-bundler.js:1521
finalizeNavigation @ vue-router.esm-bundler.js:3140
eval @ vue-router.esm-bundler.js:3013
Promise.then
pushWithRedirect @ vue-router.esm-bundler.js:2984
push @ vue-router.esm-bundler.js:2915
handleMenuItemClick @ nav-menu.vue:30
onClick @ nav-menu.vue:66
callWithErrorHandling @ runtime-core.esm-bundler.js:199
callWithAsyncErrorHandling @ runtime-core.esm-bundler.js:206
emit @ runtime-core.esm-bundler.js:4433
eval @ runtime-core.esm-bundler.js:8285
handleClick @ menu-item2.mjs:40
Object.onClick._cache.<computed>._cache.<computed> @ menu-item2.mjs:81
callWithErrorHandling @ runtime-core.esm-bundler.js:199
callWithAsyncErrorHandling @ runtime-core.esm-bundler.js:206
invoker @ runtime-dom.esm-bundler.js:730
nav-menu.vue:29 handleMenuItemClick /main/analysis/dashboard
index.ts:42 beforeEach,to: {fullPath: '/main/analysis/dashboard', hash: '', query: {…}, name: 'dashboard', path: '/main/analysis/dashboard', …}
map-menus.ts:13 mapMenusToRoutes key: ./analysis/dashboard/dashboard.ts
map-menus.ts:15 mapMenusToRoutes route: Module {default: {…}, __esModule: true, Symbol(Symbol.toStringTag): 'Module'}
map-menus.ts:13 mapMenusToRoutes key: ./analysis/overview/overview.ts
map-menus.ts:15 mapMenusToRoutes route: Module {default: {…}, __esModule: true, Symbol(Symbol.toStringTag): 'Module'}
map-menus.ts:13 mapMenusToRoutes key: ./moment/list/list.ts
map-menus.ts:15 mapMenusToRoutes route: Module {default: {…}, __esModule: true, Symbol(Symbol.toStringTag): 'Module'}
map-menus.ts:13 mapMenusToRoutes key: ./moment/main/main.ts
map-menus.ts:15 mapMenusToRoutes route: Module {default: {…}, __esModule: true, Symbol(Symbol.toStringTag): 'Module'}
map-menus.ts:13 mapMenusToRoutes key: ./product/category/category.ts
map-menus.ts:15 mapMenusToRoutes route: Module {default: {…}, __esModule: true, Symbol(Symbol.toStringTag): 'Module'}
map-menus.ts:13 mapMenusToRoutes key: ./product/goods/goods.ts
map-menus.ts:15 mapMenusToRoutes route: Module {default: {…}, __esModule: true, Symbol(Symbol.toStringTag): 'Module'}
map-menus.ts:13 mapMenusToRoutes key: ./story/chat/chat.ts
map-menus.ts:15 mapMenusToRoutes route: Module {default: {…}, __esModule: true, Symbol(Symbol.toStringTag): 'Module'}
map-menus.ts:13 mapMenusToRoutes key: ./story/list/list.ts
map-menus.ts:15 mapMenusToRoutes route: Module {default: {…}, __esModule: true, Symbol(Symbol.toStringTag): 'Module'}
map-menus.ts:13 mapMenusToRoutes key: ./system/department/department.ts
map-menus.ts:15 mapMenusToRoutes route: Module {default: {…}, __esModule: true, Symbol(Symbol.toStringTag): 'Module'}
map-menus.ts:13 mapMenusToRoutes key: ./system/menu/menu.ts
map-menus.ts:15 mapMenusToRoutes route: Module {default: {…}, __esModule: true, Symbol(Symbol.toStringTag): 'Module'}
map-menus.ts:13 mapMenusToRoutes key: ./system/role/role.ts
map-menus.ts:15 mapMenusToRoutes route: Module {default: {…}, __esModule: true, Symbol(Symbol.toStringTag): 'Module'}
map-menus.ts:13 mapMenusToRoutes key: ./system/user/user.ts
map-menus.ts:15 mapMenusToRoutes route: Module {default: {…}, __esModule: true, Symbol(Symbol.toStringTag): 'Module'}
index.ts:53 当前已注册的路由: (14) [{…}, {…}, {…}, {…}, {…}, {…}, {…}, {…}, {…}, {…}, {…}, {…}, {…}, {…}]
index.ts:57 需要注册的动态路由: (10) [{…}, {…}, {…}, {…}, {…}, {…}, {…}, {…}, {…}, {…}]
index.ts:74 添加路由后的路由列表: (14) [{…}, {…}, {…}, {…}, {…}, {…}, {…}, {…}, {…}, {…}, {…}, {…}, {…}, {…}]
index.ts:95 继续导航到: /main/analysis/dashboard
